<?xml version="1.0" encoding="UTF-8"?>
<!-- Generated by org.testng.reporters.JUnitXMLReporter -->
<testsuite ignored="1" hostname="LAPTOP-R5NV1QLO" failures="0" tests="2" name="Test" time="0.119" errors="0" timestamp="2021-09-13T00:06:53 EDT">
  <testcase classname="Bol.Rome.itlTest" name="game" time="0.012"/>
  <testcase classname="Bol.Rome.dolTest" name="fol" time="0.001"/>
  <testcase classname="Bol.Rome.dolTest" name="dame" time="0.0">
    <ignored/>
  </testcase> <!-- dame -->
</testsuite> <!-- Test -->
