<?xml version="1.0" encoding="UTF-8"?>
<testng-results ignored="1" total="3" passed="2" failed="0" skipped="0">
  <reporter-output>
  </reporter-output>
  <suite started-at="2021-09-13T00:06:53 EDT" name="Suite" finished-at="2021-09-13T00:06:53 EDT" duration-ms="119">
    <groups>
      <group name="smoke">
        <method signature="dolTest.fol()[pri:0, instance:Bol.Rome.dolTest@4c40b76e]" name="fol" class="Bol.Rome.dolTest"/>
        <method signature="itlTest.game()[pri:0, instance:Bol.Rome.itlTest@2d2e5f00]" name="game" class="Bol.Rome.itlTest"/>
      </group> <!-- smoke -->
    </groups>
    <test started-at="2021-09-13T00:06:53 EDT" name="Test" finished-at="2021-09-13T00:06:53 EDT" duration-ms="119">
      <class name="Bol.Rome.dolTest">
        <test-method signature="fol()[pri:0, instance:Bol.Rome.dolTest@4c40b76e]" started-at="2021-09-13T00:06:53 EDT" name="fol" finished-at="2021-09-13T00:06:53 EDT" duration-ms="1" status="PASS">
          <reporter-output>
          </reporter-output>
        </test-method> <!-- fol -->
      </class> <!-- Bol.Rome.dolTest -->
      <class name="Bol.Rome.itlTest">
        <test-method signature="game()[pri:0, instance:Bol.Rome.itlTest@2d2e5f00]" started-at="2021-09-13T00:06:53 EDT" name="game" finished-at="2021-09-13T00:06:53 EDT" duration-ms="12" status="PASS">
          <reporter-output>
          </reporter-output>
        </test-method> <!-- game -->
      </class> <!-- Bol.Rome.itlTest -->
    </test> <!-- Test -->
  </suite> <!-- Suite -->
</testng-results>
